<?xml version="1.0" encoding="UTF-8"?>
<testsuite xmlns:xsi="http://www.w3.org/2001/XMLSchema-instance" xsi:noNamespaceSchemaLocation="https://maven.apache.org/surefire/maven-surefire-plugin/xsd/surefire-test-report.xsd" name="KenoGameInstanceTest" time="0.019" tests="3" errors="0" skipped="0" failures="0">
  <properties>
[...]
</properties>
  <testcase name="pushInputTest1" classname="KenoGameInstanceTest" time="0.009"/>
  <testcase name="pushInputTest2" classname="KenoGameInstanceTest" time="0.001"/>
  <testcase name="computerDrawTest" classname="KenoGameInstanceTest" time="0.003"/>
</testsuite>